c:\users\gimps\oop\lw2\html_decode\html_decode\x64\debug\vc143.pdb
c:\users\gimps\oop\lw2\html_decode\html_decode\x64\debug\vc143.idb
c:\users\gimps\oop\lw2\html_decode\html_decode\x64\debug\main.obj
c:\users\gimps\oop\lw2\html_decode\html_decode\x64\debug\htmldecodefunction.obj
c:\users\gimps\oop\lw2\html_decode\x64\debug\html_decode.exe
c:\users\gimps\oop\lw2\html_decode\x64\debug\html_decode.pdb
c:\users\gimps\oop\lw2\html_decode\html_decode\x64\debug\html_decode.ilk
c:\users\gimps\oop\lw2\html_decode\html_decode\x64\debug\html_decode.obj
c:\users\gimps\oop\lw2\html_decode\html_decode\x64\debug\html_decode.tlog\cl.command.1.tlog
c:\users\gimps\oop\lw2\html_decode\html_decode\x64\debug\html_decode.tlog\cl.items.tlog
c:\users\gimps\oop\lw2\html_decode\html_decode\x64\debug\html_decode.tlog\cl.read.1.tlog
c:\users\gimps\oop\lw2\html_decode\html_decode\x64\debug\html_decode.tlog\cl.write.1.tlog
c:\users\gimps\oop\lw2\html_decode\html_decode\x64\debug\html_decode.tlog\link-cvtres.read.1.tlog
c:\users\gimps\oop\lw2\html_decode\html_decode\x64\debug\html_decode.tlog\link-cvtres.write.1.tlog
c:\users\gimps\oop\lw2\html_decode\html_decode\x64\debug\html_decode.tlog\link-rc.read.1.tlog
c:\users\gimps\oop\lw2\html_decode\html_decode\x64\debug\html_decode.tlog\link-rc.write.1.tlog
c:\users\gimps\oop\lw2\html_decode\html_decode\x64\debug\html_decode.tlog\link.14460-cvtres.read.1.tlog
c:\users\gimps\oop\lw2\html_decode\html_decode\x64\debug\html_decode.tlog\link.14460-cvtres.write.1.tlog
c:\users\gimps\oop\lw2\html_decode\html_decode\x64\debug\html_decode.tlog\link.14460-rc.read.1.tlog
c:\users\gimps\oop\lw2\html_decode\html_decode\x64\debug\html_decode.tlog\link.14460-rc.write.1.tlog
c:\users\gimps\oop\lw2\html_decode\html_decode\x64\debug\html_decode.tlog\link.14460.read.1.tlog
c:\users\gimps\oop\lw2\html_decode\html_decode\x64\debug\html_decode.tlog\link.14460.read.2.tlog
c:\users\gimps\oop\lw2\html_decode\html_decode\x64\debug\html_decode.tlog\link.14460.read.3.tlog
c:\users\gimps\oop\lw2\html_decode\html_decode\x64\debug\html_decode.tlog\link.14460.read.4.tlog
c:\users\gimps\oop\lw2\html_decode\html_decode\x64\debug\html_decode.tlog\link.14460.write.1.tlog
c:\users\gimps\oop\lw2\html_decode\html_decode\x64\debug\html_decode.tlog\link.command.1.tlog
c:\users\gimps\oop\lw2\html_decode\html_decode\x64\debug\html_decode.tlog\link.read.1.tlog
c:\users\gimps\oop\lw2\html_decode\html_decode\x64\debug\html_decode.tlog\link.read.2.tlog
c:\users\gimps\oop\lw2\html_decode\html_decode\x64\debug\html_decode.tlog\link.read.3.tlog
c:\users\gimps\oop\lw2\html_decode\html_decode\x64\debug\html_decode.tlog\link.read.5.tlog
c:\users\gimps\oop\lw2\html_decode\html_decode\x64\debug\html_decode.tlog\link.secondary.1.tlog
c:\users\gimps\oop\lw2\html_decode\html_decode\x64\debug\html_decode.tlog\link.write.1.tlog
